<?xml version="1.0" encoding="UTF-8"?>
<testng-results skipped="0" failed="0" ignored="0" total="1" passed="1">
  <reporter-output>
  </reporter-output>
  <suite name="Suite" duration-ms="74921" started-at="2018-10-07T14:08:29Z" finished-at="2018-10-07T14:09:44Z">
    <groups>
    </groups>
    <test name="Test" duration-ms="74921" started-at="2018-10-07T14:08:29Z" finished-at="2018-10-07T14:09:44Z">
      <class name="tests.RegistrationPage">
        <test-method status="PASS" signature="setupTestData()[pri:0, instance:tests.RegistrationPage@2f686d1f]" name="setupTestData" is-config="true" duration-ms="2354" started-at="2018-10-07T19:38:29Z" finished-at="2018-10-07T19:38:31Z">
          <reporter-output>
          </reporter-output>
        </test-method> <!-- setupTestData -->
        <test-method status="PASS" signature="setup()[pri:0, instance:tests.RegistrationPage@2f686d1f]" name="setup" is-config="true" duration-ms="35483" started-at="2018-10-07T19:38:31Z" description="Class Level Setup!" finished-at="2018-10-07T19:39:07Z">
          <reporter-output>
          </reporter-output>
        </test-method> <!-- setup -->
        <test-method status="PASS" signature="ValidatingRegistrationPage()[pri:0, instance:tests.RegistrationPage@2f686d1f]" name="ValidatingRegistrationPage" duration-ms="30394" started-at="2018-10-07T19:39:07Z" description="Invalid Login Scenario with wrong username and password." finished-at="2018-10-07T19:39:37Z">
          <reporter-output>
          </reporter-output>
        </test-method> <!-- ValidatingRegistrationPage -->
        <test-method status="PASS" signature="teardown()[pri:0, instance:tests.RegistrationPage@2f686d1f]" name="teardown" is-config="true" duration-ms="6144" started-at="2018-10-07T19:39:37Z" description="Class Level Teardown!" finished-at="2018-10-07T19:39:44Z">
          <reporter-output>
          </reporter-output>
        </test-method> <!-- teardown -->
      </class> <!-- tests.RegistrationPage -->
    </test> <!-- Test -->
  </suite> <!-- Suite -->
</testng-results>
